<?xml version="1.0" encoding="UTF-8"?>
<testng-results skipped="0" failed="0" ignored="0" total="1" passed="1">
  <reporter-output>
  </reporter-output>
  <suite name="Suite" duration-ms="4116" started-at="2022-09-04T10:57:33Z" finished-at="2022-09-04T10:57:37Z">
    <groups>
    </groups>
    <test name="Test" duration-ms="4116" started-at="2022-09-04T10:57:33Z" finished-at="2022-09-04T10:57:37Z">
      <class name="repository.RestDemo">
        <test-method status="PASS" signature="get_request()[pri:0, instance:repository.RestDemo@7c729a55]" name="get_request" duration-ms="4074" started-at="2022-09-04T10:57:33Z" finished-at="2022-09-04T10:57:37Z">
          <reporter-output>
          </reporter-output>
        </test-method> <!-- get_request -->
      </class> <!-- repository.RestDemo -->
    </test> <!-- Test -->
  </suite> <!-- Suite -->
</testng-results>
