<?xml version="1.0" encoding="UTF-8"?>
<testng-results skipped="0" failed="0" ignored="0" total="1" passed="1">
  <reporter-output>
  </reporter-output>
  <suite name="Default suite" duration-ms="8481" started-at="2022-09-03T09:59:43Z" finished-at="2022-09-03T09:59:52Z">
    <groups>
    </groups>
    <test name="Default test" duration-ms="8481" started-at="2022-09-03T09:59:43Z" finished-at="2022-09-03T09:59:52Z">
      <class name="RestDemo">
        <test-method status="PASS" signature="get_request()[pri:0, instance:RestDemo@38d8f54a]" name="get_request" duration-ms="8407" started-at="2022-09-03T09:59:44Z" finished-at="2022-09-03T09:59:52Z">
          <reporter-output>
          </reporter-output>
        </test-method> <!-- get_request -->
      </class> <!-- RestDemo -->
    </test> <!-- Default test -->
  </suite> <!-- Default suite -->
</testng-results>
